<?xml version="1.0" encoding="UTF-8"?>
<!-- Generated by org.testng.reporters.JUnitReportReporter -->
<testsuite hostname="DESKTOP-M36IUEP" failures="0" tests="4" name="parctice1.testapi" time="4.224" errors="0" timestamp="2023-09-19T21:46:28 IST" skipped="0">
  <testcase classname="parctice1.testapi" name="posttesting" time="2.586"/>
  <testcase classname="parctice1.testapi" name="gettesting" time="0.419"/>
  <testcase classname="parctice1.testapi" name="updatetesting" time="0.622"/>
  <testcase classname="parctice1.testapi" name="deletetesting" time="0.597"/>
</testsuite> <!-- parctice1.testapi -->
